<?xml version="1.0" encoding="UTF-8"?>
<testsuite name="practice02.Practice02Test" tests="4" skipped="0" failures="0" errors="0" timestamp="2021-12-01T09:29:14" hostname="HOMA3-W10" time="0.071">
  <properties/>
  <testcase name="should_student_have_name_age_and_class_number()" classname="practice02.Practice02Test" time="0.068"/>
  <testcase name="should_person_have_an_introduce_method_which_introduce_person_with_name_and_age()" classname="practice02.Practice02Test" time="0.001"/>
  <testcase name="should_person_have_name_and_age()" classname="practice02.Practice02Test" time="0.001"/>
  <testcase name="should_student_introduce_with_class()" classname="practice02.Practice02Test" time="0.001"/>
  <system-out><![CDATA[]]></system-out>
  <system-err><![CDATA[]]></system-err>
</testsuite>
